Build started 21.12.2014 03:36:04.
     1>Project "F:\Proje_3 (Oyun)\Proje_3 (Oyun)\Proje_3 (Oyun).vcxproj" on node 2 (build target(s)).
     1>InitializeBuildStatus:
         Creating "Debug\Proje_3 (Oyun).unsuccessfulbuild" because "AlwaysCreate" was specified.
       ClCompile:
         C:\Program Files (x86)\Microsoft Visual Studio 10.0\VC\bin\CL.exe /c /ZI /nologo /W3 /WX- /Od /Oy- /D _MBCS /Gm /EHsc /RTC1 /MDd /GS /fp:precise /Zc:wchar_t /Zc:forScope /Fo"Debug\\" /Fd"Debug\vc100.pdb" /Gd /TP /analyze- /errorReport:prompt main.cpp
         main.cpp
     1>f:\proje_3 (oyun)\proje_3 (oyun)\main.cpp(178): warning C4789: destination of memory copy is too small
     1>f:\proje_3 (oyun)\proje_3 (oyun)\main.cpp(204): warning C4789: destination of memory copy is too small
     1>f:\proje_3 (oyun)\proje_3 (oyun)\main.cpp(205): warning C4789: destination of memory copy is too small
       Link:
         C:\Program Files (x86)\Microsoft Visual Studio 10.0\VC\bin\link.exe /ERRORREPORT:PROMPT /OUT:"F:\Proje_3 (Oyun)\Debug\Proje_3 (Oyun).exe" /NOLOGO alleg.lib kernel32.lib user32.lib gdi32.lib winspool.lib comdlg32.lib advapi32.lib shell32.lib ole32.lib oleaut32.lib uuid.lib odbc32.lib odbccp32.lib /MANIFEST /ManifestFile:"Debug\Proje_3 (Oyun).exe.intermediate.manifest" /MANIFESTUAC:"level='asInvoker' uiAccess='false'" /DEBUG /PDB:"F:\Proje_3 (Oyun)\Debug\Proje_3 (Oyun).pdb" /TLBID:1 /DYNAMICBASE /NXCOMPAT /IMPLIB:"F:\Proje_3 (Oyun)\Debug\Proje_3 (Oyun).lib" /MACHINE:X86 Debug\main.obj
         LINK : F:\Proje_3 (Oyun)\Debug\Proje_3 (Oyun).exe not found or not built by the last incremental link; performing full link
         Proje_3 (Oyun).vcxproj -> F:\Proje_3 (Oyun)\Debug\Proje_3 (Oyun).exe
       Manifest:
         C:\Program Files (x86)\Microsoft SDKs\Windows\v7.0A\bin\mt.exe /nologo /verbose /outputresource:"F:\Proje_3 (Oyun)\Debug\Proje_3 (Oyun).exe;#1" /manifest "Debug\Proje_3 (Oyun).exe.intermediate.manifest"
       FinalizeBuildStatus:
         Deleting file "Debug\Proje_3 (Oyun).unsuccessfulbuild".
         Touching "Debug\Proje_3 (Oyun).lastbuildstate".
     1>Done Building Project "F:\Proje_3 (Oyun)\Proje_3 (Oyun)\Proje_3 (Oyun).vcxproj" (build target(s)).

Build succeeded.

Time Elapsed 00:00:00.59
